<?xml version="1.0" encoding="UTF-8"?>
<!-- Generated by org.testng.reporters.JUnitReportReporter -->
<testsuite skipped="0" hostname="DESKTOP-GVMEF6D" name="com.sgic.leavesystem.test.LoginTest" tests="1" failures="0" timestamp="30 Nov 2018 12:32:37 GMT" time="21.036" errors="0">
  <testcase name="testOrangeHRM" time="21.036" classname="com.sgic.leavesystem.test.LoginTest"/>
</testsuite> <!-- com.sgic.leavesystem.test.LoginTest -->
